<?xml version="1.0" encoding="UTF-8"?>
<!-- Generated by org.testng.reporters.JUnitReportReporter -->
<testsuite hostname="TeamOs-PC" failures="0" tests="5" name="com.e_commerce.testcases.RegistrationTestCase" time="99.249" errors="0" timestamp="2023-08-19T11:53:44 BDT" skipped="0">
  <testcase classname="com.e_commerce.testcases.RegistrationTestCase" name="FillingUpTheAllRequiredFieldsWithValidValue" time="12.821"/>
  <system-out/>
  <testcase classname="com.e_commerce.testcases.RegistrationTestCase" name="FillingUpTheAllFieldsWithValidValue" time="48.481"/>
  <system-out/>
  <testcase classname="com.e_commerce.testcases.RegistrationTestCase" name="verifyTheRegistrarWithExistingEmail" time="10.663"/>
  <system-out/>
  <testcase classname="com.e_commerce.testcases.RegistrationTestCase" name="VerifyallRequiredFieldsWithoutFillingUpTheFields" time="10.091"/>
  <system-out/>
  <testcase classname="com.e_commerce.testcases.RegistrationTestCase" name="VerifyConfirmPasswordByFillingAllFieldsWithoutThisfield" time="17.193"/>
  <system-out/>
</testsuite> <!-- com.e_commerce.testcases.RegistrationTestCase -->
