<?xml version="1.0" encoding="UTF-8"?>
<!-- Generated by org.testng.reporters.JUnitReportReporter -->
<testsuite hostname="TeamOs-PC" failures="0" tests="1" name="com.e_commerce.testcases.ReadPDFinBrowser" time="14.569" errors="0" timestamp="2023-08-06T17:43:21 BDT" skipped="0">
  <testcase classname="com.e_commerce.testcases.ReadPDFinBrowser" name="pdfReaderinBrowserTest" time="14.569"/>
  <system-out/>
</testsuite> <!-- com.e_commerce.testcases.ReadPDFinBrowser -->
